0 info it worked if it ends with ok
1 verbose cli [ 'node', '/usr/local/bin/npm', 'start' ]
2 info using npm@1.4.28
3 info using node@v0.10.32
4 verbose run-script [ 'prestart', 'start', 'poststart' ]
5 info prestart p26urlshort@0.0.0
6 info start p26urlshort@0.0.0
7 verbose unsafe-perm in lifecycle true
8 info p26urlshort@0.0.0 Failed to exec start script
9 error p26urlshort@0.0.0 start: `node ./bin/www`
9 error Exit status 8
10 error Failed at the p26urlshort@0.0.0 start script.
10 error This is most likely a problem with the p26urlshort package,
10 error not with npm itself.
10 error Tell the author that this fails on your system:
10 error     node ./bin/www
10 error You can get their info via:
10 error     npm owner ls p26urlshort
10 error There is likely additional logging output above.
11 error System Darwin 14.1.0
12 error command "node" "/usr/local/bin/npm" "start"
13 error cwd /Users/mileshochstein/Documents/ProjectsPCS2015/p26urlshort
14 error node -v v0.10.32
15 error npm -v 1.4.28
16 error code ELIFECYCLE
17 verbose exit [ 1, true ]
